{"meta": {"format": 3, "version": "7.13.4", "timestamp": "2026-02-28T21:57:32.061524", "branch_coverage": false, "show_contexts": false}, "files": {"streamlit_ui/__init__.py": {"executed_lines": [3], "summary": {"covered_lines": 1, "num_statements": 1, "percent_covered": 100.0, "percent_covered_display": "100.00", "missing_lines": 0, "excluded_lines": 0, "percent_statements_covered": 100.0, "percent_statements_covered_display": "100.00"}, "missing_lines": [], "excluded_lines": [], "functions": {"": {"executed_lines": [3], "summary": {"covered_lines": 1, "num_statements": 1, "percent_covered": 100.0, "percent_covered_display": "100.00", "missing_lines": 0, "excluded_lines": 0, "percent_statements_covered": 100.0, "percent_statements_covered_display": "100.00"}, "missing_lines": [], "excluded_lines": [], "start_line": 1}}, "classes": {"": {"executed_lines": [3], "summary": {"covered_lines": 1, "num_statements": 1, "percent_covered": 100.0, "percent_covered_display": "100.00", "missing_lines": 0, "excluded_lines": 0, "percent_statements_covered": 100.0, "percent_statements_covered_display": "100.00"}, "missing_lines": [], "excluded_lines": [], "start_line": 1}}}, "streamlit_ui/app.py": {"executed_lines": [], "summary": {"covered_lines": 0, "num_statements": 122, "percent_covered": 0.0, "percent_covered_display": "0.00", "missing_lines": 122, "excluded_lines": 2, "percent_statements_covered": 0.0, "percent_statements_covered_display": "0.00"}, "missing_lines": [7, 8, 10, 11, 14, 17, 21, 29, 35, 38, 51, 52, 55, 56, 58, 59, 61, 62, 63, 64, 65, 66, 68, 69, 70, 71, 72, 73, 74, 75, 77, 78, 79, 81, 82, 83, 84, 85, 86, 87, 88, 89, 92, 94, 95, 97, 103, 104, 107, 110, 111, 112, 115, 123, 124, 132, 137, 138, 139, 142, 144, 147, 149, 150, 151, 152, 154, 157, 160, 161, 162, 165, 171, 179, 180, 189, 194, 195, 196, 199, 201, 204, 208, 210, 211, 212, 213, 216, 218, 221, 222, 223, 224, 225, 226, 229, 231, 233, 269, 270, 271, 274, 276, 277, 280, 281, 284, 285, 286, 287, 289, 291, 294, 295, 303, 306, 307, 315, 318, 321, 323, 326], "excluded_lines": [329, 330], "functions": {"get_api_base_url": {"executed_lines": [], "summary": {"covered_lines": 0, "num_statements": 1, "percent_covered": 0.0, "percent_covered_display": "0.00", "missing_lines": 1, "excluded_lines": 0, "percent_statements_covered": 0.0, "percent_statements_covered_display": "0.00"}, "missing_lines": [35], "excluded_lines": [], "start_line": 29}, "login_with_email_password": {"executed_lines": [], "summary": {"covered_lines": 0, "num_statements": 32, "percent_covered": 0.0, "percent_covered_display": "0.00", "missing_lines": 32, "excluded_lines": 0, "percent_statements_covered": 0.0, "percent_statements_covered_display": "0.00"}, "missing_lines": [51, 52, 55, 56, 58, 59, 61, 62, 63, 64, 65, 66, 68, 69, 70, 71, 72, 73, 74, 75, 77, 78, 79, 81, 82, 83, 84, 85, 86, 87, 88, 89], "excluded_lines": [], "start_line": 38}, "render_authentication_form": {"executed_lines": [], "summary": {"covered_lines": 0, "num_statements": 52, "percent_covered": 0.0, "percent_covered_display": "0.00", "missing_lines": 52, "excluded_lines": 0, "percent_statements_covered": 0.0, "percent_statements_covered_display": "0.00"}, "missing_lines": [94, 95, 97, 103, 104, 107, 110, 111, 112, 115, 123, 124, 132, 137, 138, 139, 142, 144, 147, 149, 150, 151, 152, 154, 157, 160, 161, 162, 165, 171, 179, 180, 189, 194, 195, 196, 199, 201, 204, 208, 210, 211, 212, 213, 216, 218, 221, 222, 223, 224, 225, 226], "excluded_lines": [], "start_line": 92}, "render_authenticated_home": {"executed_lines": [], "summary": {"covered_lines": 0, "num_statements": 5, "percent_covered": 0.0, "percent_covered_display": "0.00", "missing_lines": 5, "excluded_lines": 0, "percent_statements_covered": 0.0, "percent_statements_covered_display": "0.00"}, "missing_lines": [231, 233, 269, 270, 271], "excluded_lines": [], "start_line": 229}, "render_sidebar": {"executed_lines": [], "summary": {"covered_lines": 0, "num_statements": 15, "percent_covered": 0.0, "percent_covered_display": "0.00", "missing_lines": 15, "excluded_lines": 0, "percent_statements_covered": 0.0, "percent_statements_covered_display": "0.00"}, "missing_lines": [276, 277, 280, 281, 284, 285, 286, 287, 289, 291, 294, 295, 303, 306, 307], "excluded_lines": [], "start_line": 274}, "main": {"executed_lines": [], "summary": {"covered_lines": 0, "num_statements": 4, "percent_covered": 0.0, "percent_covered_display": "0.00", "missing_lines": 4, "excluded_lines": 0, "percent_statements_covered": 0.0, "percent_statements_covered_display": "0.00"}, "missing_lines": [318, 321, 323, 326], "excluded_lines": [], "start_line": 315}, "": {"executed_lines": [], "summary": {"covered_lines": 0, "num_statements": 13, "percent_covered": 0.0, "percent_covered_display": "0.00", "missing_lines": 13, "excluded_lines": 2, "percent_statements_covered": 0.0, "percent_statements_covered_display": "0.00"}, "missing_lines": [7, 8, 10, 11, 14, 17, 21, 29, 38, 92, 229, 274, 315], "excluded_lines": [329, 330], "start_line": 1}}, "classes": {"": {"executed_lines": [], "summary": {"covered_lines": 0, "num_statements": 122, "percent_covered": 0.0, "percent_covered_display": "0.00", "missing_lines": 122, "excluded_lines": 2, "percent_statements_covered": 0.0, "percent_statements_covered_display": "0.00"}, "missing_lines": [7, 8, 10, 11, 14, 17, 21, 29, 35, 38, 51, 52, 55, 56, 58, 59, 61, 62, 63, 64, 65, 66, 68, 69, 70, 71, 72, 73, 74, 75, 77, 78, 79, 81, 82, 83, 84, 85, 86, 87, 88, 89, 92, 94, 95, 97, 103, 104, 107, 110, 111, 112, 115, 123, 124, 132, 137, 138, 139, 142, 144, 147, 149, 150, 151, 152, 154, 157, 160, 161, 162, 165, 171, 179, 180, 189, 194, 195, 196, 199, 201, 204, 208, 210, 211, 212, 213, 216, 218, 221, 222, 223, 224, 225, 226, 229, 231, 233, 269, 270, 271, 274, 276, 277, 280, 281, 284, 285, 286, 287, 289, 291, 294, 295, 303, 306, 307, 315, 318, 321, 323, 326], "excluded_lines": [329, 330], "start_line": 1}}}, "streamlit_ui/components/__init__.py": {"executed_lines": [], "summary": {"covered_lines": 0, "num_statements": 0, "percent_covered": 100.0, "percent_covered_display": "100.00", "missing_lines": 0, "excluded_lines": 0, "percent_statements_covered": 100.0, "percent_statements_covered_display": "100.00"}, "missing_lines": [], "excluded_lines": [], "functions": {"": {"executed_lines": [], "summary": {"covered_lines": 0, "num_statements": 0, "percent_covered": 100.0, "percent_covered_display": "100.00", "missing_lines": 0, "excluded_lines": 0, "percent_statements_covered": 100.0, "percent_statements_covered_display": "100.00"}, "missing_lines": [], "excluded_lines": [], "start_line": 1}}, "classes": {"": {"executed_lines": [], "summary": {"covered_lines": 0, "num_statements": 0, "percent_covered": 100.0, "percent_covered_display": "100.00", "missing_lines": 0, "excluded_lines": 0, "percent_statements_covered": 100.0, "percent_statements_covered_display": "100.00"}, "missing_lines": [], "excluded_lines": [], "start_line": 1}}}, "streamlit_ui/components/api_client.py": {"executed_lines": [3, 4, 6, 8, 12, 15, 18, 21, 24, 27, 30, 33, 36, 39, 42, 45, 48, 51, 54, 57, 60, 63, 66, 69, 72, 75, 78, 93, 101, 102, 103, 106, 107, 109, 130, 133, 134, 139, 140, 141, 142, 144, 145, 146, 147, 149, 150, 151, 152, 154, 155, 156, 157, 159, 161, 162, 165, 166, 168, 170, 171, 174, 175, 177, 178, 179, 180, 182, 183, 184, 185, 187, 188, 189, 190, 198, 213, 214, 216, 217, 220, 221, 223, 224, 225, 226, 227, 228, 229, 230, 231, 233, 248, 249, 251, 252, 255, 256, 258, 259, 260, 261, 262, 263, 264, 265, 266, 268], "summary": {"covered_lines": 108, "num_statements": 130, "percent_covered": 83.07692307692308, "percent_covered_display": "83.08", "missing_lines": 22, "excluded_lines": 0, "percent_statements_covered": 83.07692307692308, "percent_statements_covered_display": "83.08"}, "missing_lines": [135, 136, 164, 173, 194, 195, 196, 282, 283, 285, 286, 289, 290, 292, 293, 294, 295, 296, 297, 298, 299, 300], "excluded_lines": [], "functions": {"APIClient.__init__": {"executed_lines": [101, 102, 103, 106, 107], "summary": {"covered_lines": 5, "num_statements": 5, "percent_covered": 100.0, "percent_covered_display": "100.00", "missing_lines": 0, "excluded_lines": 0, "percent_statements_covered": 100.0, "percent_statements_covered_display": "100.00"}, "missing_lines": [], "excluded_lines": [], "start_line": 93}, "APIClient.handle_error": {"executed_lines": [130, 133, 134, 139, 140, 141, 142, 144, 145, 146, 147, 149, 150, 151, 152, 154, 155, 156, 157, 159, 161, 162, 165, 166, 168, 170, 171, 174, 175, 177, 178, 179, 180, 182, 183, 184, 185, 187, 188, 189, 190], "summary": {"covered_lines": 41, "num_statements": 48, "percent_covered": 85.41666666666667, "percent_covered_display": "85.42", "missing_lines": 7, "excluded_lines": 0, "percent_statements_covered": 85.41666666666667, "percent_statements_covered_display": "85.42"}, "missing_lines": [135, 136, 164, 173, 194, 195, 196], "excluded_lines": [], "start_line": 109}, "APIClient.get": {"executed_lines": [213, 214, 216, 217, 220, 221, 223, 224, 225, 226, 227, 228, 229, 230, 231], "summary": {"covered_lines": 15, "num_statements": 15, "percent_covered": 100.0, "percent_covered_display": "100.00", "missing_lines": 0, "excluded_lines": 0, "percent_statements_covered": 100.0, "percent_statements_covered_display": "100.00"}, "missing_lines": [], "excluded_lines": [], "start_line": 198}, "APIClient.post": {"executed_lines": [248, 249, 251, 252, 255, 256, 258, 259, 260, 261, 262, 263, 264, 265, 266], "summary": {"covered_lines": 15, "num_statements": 15, "percent_covered": 100.0, "percent_covered_display": "100.00", "missing_lines": 0, "excluded_lines": 0, "percent_statements_covered": 100.0, "percent_statements_covered_display": "100.00"}, "missing_lines": [], "excluded_lines": [], "start_line": 233}, "APIClient.delete": {"executed_lines": [], "summary": {"covered_lines": 0, "num_statements": 15, "percent_covered": 0.0, "percent_covered_display": "0.00", "missing_lines": 15, "excluded_lines": 0, "percent_statements_covered": 0.0, "percent_statements_covered_display": "0.00"}, "missing_lines": [282, 283, 285, 286, 289, 290, 292, 293, 294, 295, 296, 297, 298, 299, 300], "excluded_lines": [], "start_line": 268}, "": {"executed_lines": [3, 4, 6, 8, 12, 15, 18, 21, 24, 27, 30, 33, 36, 39, 42, 45, 48, 51, 54, 57, 60, 63, 66, 69, 72, 75, 78, 93, 109, 198, 233, 268], "summary": {"covered_lines": 32, "num_statements": 32, "percent_covered": 100.0, "percent_covered_display": "100.00", "missing_lines": 0, "excluded_lines": 0, "percent_statements_covered": 100.0, "percent_statements_covered_display": "100.00"}, "missing_lines": [], "excluded_lines": [], "start_line": 1}}, "classes": {"APIError": {"executed_lines": [], "summary": {"covered_lines": 0, "num_statements": 0, "percent_covered": 100.0, "percent_covered_display": "100.00", "missing_lines": 0, "excluded_lines": 0, "percent_statements_covered": 100.0, "percent_statements_covered_display": "100.00"}, "missing_lines": [], "excluded_lines": [], "start_line": 12}, "AuthenticationError": {"executed_lines": [], "summary": {"covered_lines": 0, "num_statements": 0, "percent_covered": 100.0, "percent_covered_display": "100.00", "missing_lines": 0, "excluded_lines": 0, "percent_statements_covered": 100.0, "percent_statements_covered_display": "100.00"}, "missing_lines": [], "excluded_lines": [], "start_line": 18}, "ValidationError": {"executed_lines": [], "summary": {"covered_lines": 0, "num_statements": 0, "percent_covered": 100.0, "percent_covered_display": "100.00", "missing_lines": 0, "excluded_lines": 0, "percent_statements_covered": 100.0, "percent_statements_covered_display": "100.00"}, "missing_lines": [], "excluded_lines": [], "start_line": 24}, "ResourceNotFoundError": {"executed_lines": [], "summary": {"covered_lines": 0, "num_statements": 0, "percent_covered": 100.0, "percent_covered_display": "100.00", "missing_lines": 0, "excluded_lines": 0, "percent_statements_covered": 100.0, "percent_statements_covered_display": "100.00"}, "missing_lines": [], "excluded_lines": [], "start_line": 30}, "ConflictError": {"executed_lines": [], "summary": {"covered_lines": 0, "num_statements": 0, "percent_covered": 100.0, "percent_covered_display": "100.00", "missing_lines": 0, "excluded_lines": 0, "percent_statements_covered": 100.0, "percent_statements_covered_display": "100.00"}, "missing_lines": [], "excluded_lines": [], "start_line": 36}, "BudgetExceededError": {"executed_lines": [], "summary": {"covered_lines": 0, "num_statements": 0, "percent_covered": 100.0, "percent_covered_display": "100.00", "missing_lines": 0, "excluded_lines": 0, "percent_statements_covered": 100.0, "percent_statements_covered_display": "100.00"}, "missing_lines": [], "excluded_lines": [], "start_line": 42}, "RateLimitError": {"executed_lines": [], "summary": {"covered_lines": 0, "num_statements": 0, "percent_covered": 100.0, "percent_covered_display": "100.00", "missing_lines": 0, "excluded_lines": 0, "percent_statements_covered": 100.0, "percent_statements_covered_display": "100.00"}, "missing_lines": [], "excluded_lines": [], "start_line": 48}, "ServerError": {"executed_lines": [], "summary": {"covered_lines": 0, "num_statements": 0, "percent_covered": 100.0, "percent_covered_display": "100.00", "missing_lines": 0, "excluded_lines": 0, "percent_statements_covered": 100.0, "percent_statements_covered_display": "100.00"}, "missing_lines": [], "excluded_lines": [], "start_line": 54}, "ServiceUnavailableError": {"executed_lines": [], "summary": {"covered_lines": 0, "num_statements": 0, "percent_covered": 100.0, "percent_covered_display": "100.00", "missing_lines": 0, "excluded_lines": 0, "percent_statements_covered": 100.0, "percent_statements_covered_display": "100.00"}, "missing_lines": [], "excluded_lines": [], "start_line": 60}, "BadRequestError": {"executed_lines": [], "summary": {"covered_lines": 0, "num_statements": 0, "percent_covered": 100.0, "percent_covered_display": "100.00", "missing_lines": 0, "excluded_lines": 0, "percent_statements_covered": 100.0, "percent_statements_covered_display": "100.00"}, "missing_lines": [], "excluded_lines": [], "start_line": 66}, "ConnectionTimeoutError": {"executed_lines": [], "summary": {"covered_lines": 0, "num_statements": 0, "percent_covered": 100.0, "percent_covered_display": "100.00", "missing_lines": 0, "excluded_lines": 0, "percent_statements_covered": 100.0, "percent_statements_covered_display": "100.00"}, "missing_lines": [], "excluded_lines": [], "start_line": 72}, "APIClient": {"executed_lines": [101, 102, 103, 106, 107, 130, 133, 134, 139, 140, 141, 142, 144, 145, 146, 147, 149, 150, 151, 152, 154, 155, 156, 157, 159, 161, 162, 165, 166, 168, 170, 171, 174, 175, 177, 178, 179, 180, 182, 183, 184, 185, 187, 188, 189, 190, 213, 214, 216, 217, 220, 221, 223, 224, 225, 226, 227, 228, 229, 230, 231, 248, 249, 251, 252, 255, 256, 258, 259, 260, 261, 262, 263, 264, 265, 266], "summary": {"covered_lines": 76, "num_statements": 98, "percent_covered": 77.55102040816327, "percent_covered_display": "77.55", "missing_lines": 22, "excluded_lines": 0, "percent_statements_covered": 77.55102040816327, "percent_statements_covered_display": "77.55"}, "missing_lines": [135, 136, 164, 173, 194, 195, 196, 282, 283, 285, 286, 289, 290, 292, 293, 294, 295, 296, 297, 298, 299, 300], "excluded_lines": [], "start_line": 78}, "": {"executed_lines": [3, 4, 6, 8, 12, 15, 18, 21, 24, 27, 30, 33, 36, 39, 42, 45, 48, 51, 54, 57, 60, 63, 66, 69, 72, 75, 78, 93, 109, 198, 233, 268], "summary": {"covered_lines": 32, "num_statements": 32, "percent_covered": 100.0, "percent_covered_display": "100.00", "missing_lines": 0, "excluded_lines": 0, "percent_statements_covered": 100.0, "percent_statements_covered_display": "100.00"}, "missing_lines": [], "excluded_lines": [], "start_line": 1}}}, "streamlit_ui/components/auth.py": {"executed_lines": [3, 5, 6, 8, 11, 29, 31, 35, 38, 40, 41, 42, 43, 45, 47, 49, 50, 51, 53, 54, 55, 57, 58, 59, 62, 77, 80, 92, 93, 96], "summary": {"covered_lines": 30, "num_statements": 37, "percent_covered": 81.08108108108108, "percent_covered_display": "81.08", "missing_lines": 7, "excluded_lines": 0, "percent_statements_covered": 81.08108108108108, "percent_statements_covered_display": "81.08"}, "missing_lines": [115, 116, 117, 118, 119, 120, 122], "excluded_lines": [], "functions": {"validate_api_key": {"executed_lines": [29, 31, 35, 38, 40, 41, 42, 43, 45, 47, 49, 50, 51, 53, 54, 55, 57, 58, 59], "summary": {"covered_lines": 19, "num_statements": 19, "percent_covered": 100.0, "percent_covered_display": "100.00", "missing_lines": 0, "excluded_lines": 0, "percent_statements_covered": 100.0, "percent_statements_covered_display": "100.00"}, "missing_lines": [], "excluded_lines": [], "start_line": 11}, "is_authenticated": {"executed_lines": [77], "summary": {"covered_lines": 1, "num_statements": 1, "percent_covered": 100.0, "percent_covered_display": "100.00", "missing_lines": 0, "excluded_lines": 0, "percent_statements_covered": 100.0, "percent_statements_covered_display": "100.00"}, "missing_lines": [], "excluded_lines": [], "start_line": 62}, "logout": {"executed_lines": [92, 93], "summary": {"covered_lines": 2, "num_statements": 2, "percent_covered": 100.0, "percent_covered_display": "100.00", "missing_lines": 0, "excluded_lines": 0, "percent_statements_covered": 100.0, "percent_statements_covered_display": "100.00"}, "missing_lines": [], "excluded_lines": [], "start_line": 80}, "require_authentication": {"executed_lines": [], "summary": {"covered_lines": 0, "num_statements": 2, "percent_covered": 0.0, "percent_covered_display": "0.00", "missing_lines": 2, "excluded_lines": 0, "percent_statements_covered": 0.0, "percent_statements_covered_display": "0.00"}, "missing_lines": [115, 122], "excluded_lines": [], "start_line": 96}, "require_authentication.wrapper": {"executed_lines": [], "summary": {"covered_lines": 0, "num_statements": 5, "percent_covered": 0.0, "percent_covered_display": "0.00", "missing_lines": 5, "excluded_lines": 0, "percent_statements_covered": 0.0, "percent_statements_covered_display": "0.00"}, "missing_lines": [116, 117, 118, 119, 120], "excluded_lines": [], "start_line": 115}, "": {"executed_lines": [3, 5, 6, 8, 11, 62, 80, 96], "summary": {"covered_lines": 8, "num_statements": 8, "percent_covered": 100.0, "percent_covered_display": "100.00", "missing_lines": 0, "excluded_lines": 0, "percent_statements_covered": 100.0, "percent_statements_covered_display": "100.00"}, "missing_lines": [], "excluded_lines": [], "start_line": 1}}, "classes": {"": {"executed_lines": [3, 5, 6, 8, 11, 29, 31, 35, 38, 40, 41, 42, 43, 45, 47, 49, 50, 51, 53, 54, 55, 57, 58, 59, 62, 77, 80, 92, 93, 96], "summary": {"covered_lines": 30, "num_statements": 37, "percent_covered": 81.08108108108108, "percent_covered_display": "81.08", "missing_lines": 7, "excluded_lines": 0, "percent_statements_covered": 81.08108108108108, "percent_statements_covered_display": "81.08"}, "missing_lines": [115, 116, 117, 118, 119, 120, 122], "excluded_lines": [], "start_line": 1}}}, "streamlit_ui/components/charts.py": {"executed_lines": [8, 10, 11, 14, 35, 56, 57, 60, 74, 91, 94, 98, 101, 117, 120, 123, 126], "summary": {"covered_lines": 17, "num_statements": 21, "percent_covered": 80.95238095238095, "percent_covered_display": "80.95", "missing_lines": 4, "excluded_lines": 0, "percent_statements_covered": 80.95238095238095, "percent_statements_covered_display": "80.95"}, "missing_lines": [37, 38, 47, 53], "excluded_lines": [], "functions": {"create_technology_trends_chart": {"executed_lines": [35, 56, 57, 60, 74, 91, 94, 98], "summary": {"covered_lines": 8, "num_statements": 12, "percent_covered": 66.66666666666667, "percent_covered_display": "66.67", "missing_lines": 4, "excluded_lines": 0, "percent_statements_covered": 66.66666666666667, "percent_statements_covered_display": "66.67"}, "missing_lines": [37, 38, 47, 53], "excluded_lines": [], "start_line": 14}, "create_progress_bar": {"executed_lines": [117, 120, 123, 126], "summary": {"covered_lines": 4, "num_statements": 4, "percent_covered": 100.0, "percent_covered_display": "100.00", "missing_lines": 0, "excluded_lines": 0, "percent_statements_covered": 100.0, "percent_statements_covered_display": "100.00"}, "missing_lines": [], "excluded_lines": [], "start_line": 101}, "": {"executed_lines": [8, 10, 11, 14, 101], "summary": {"covered_lines": 5, "num_statements": 5, "percent_covered": 100.0, "percent_covered_display": "100.00", "missing_lines": 0, "excluded_lines": 0, "percent_statements_covered": 100.0, "percent_statements_covered_display": "100.00"}, "missing_lines": [], "excluded_lines": [], "start_line": 1}}, "classes": {"": {"executed_lines": [8, 10, 11, 14, 35, 56, 57, 60, 74, 91, 94, 98, 101, 117, 120, 123, 126], "summary": {"covered_lines": 17, "num_statements": 21, "percent_covered": 80.95238095238095, "percent_covered_display": "80.95", "missing_lines": 4, "excluded_lines": 0, "percent_statements_covered": 80.95238095238095, "percent_statements_covered_display": "80.95"}, "missing_lines": [37, 38, 47, 53], "excluded_lines": [], "start_line": 1}}}, "streamlit_ui/components/formatters.py": {"executed_lines": [7, 10, 27, 30, 46, 49, 50, 51, 53, 55, 58, 75], "summary": {"covered_lines": 12, "num_statements": 12, "percent_covered": 100.0, "percent_covered_display": "100.00", "missing_lines": 0, "excluded_lines": 0, "percent_statements_covered": 100.0, "percent_statements_covered_display": "100.00"}, "missing_lines": [], "excluded_lines": [], "functions": {"format_currency": {"executed_lines": [27], "summary": {"covered_lines": 1, "num_statements": 1, "percent_covered": 100.0, "percent_covered_display": "100.00", "missing_lines": 0, "excluded_lines": 0, "percent_statements_covered": 100.0, "percent_statements_covered_display": "100.00"}, "missing_lines": [], "excluded_lines": [], "start_line": 10}, "format_timestamp": {"executed_lines": [46, 49, 50, 51, 53, 55], "summary": {"covered_lines": 6, "num_statements": 6, "percent_covered": 100.0, "percent_covered_display": "100.00", "missing_lines": 0, "excluded_lines": 0, "percent_statements_covered": 100.0, "percent_statements_covered_display": "100.00"}, "missing_lines": [], "excluded_lines": [], "start_line": 30}, "format_percentage": {"executed_lines": [75], "summary": {"covered_lines": 1, "num_statements": 1, "percent_covered": 100.0, "percent_covered_display": "100.00", "missing_lines": 0, "excluded_lines": 0, "percent_statements_covered": 100.0, "percent_statements_covered_display": "100.00"}, "missing_lines": [], "excluded_lines": [], "start_line": 58}, "": {"executed_lines": [7, 10, 30, 58], "summary": {"covered_lines": 4, "num_statements": 4, "percent_covered": 100.0, "percent_covered_display": "100.00", "missing_lines": 0, "excluded_lines": 0, "percent_statements_covered": 100.0, "percent_statements_covered_display": "100.00"}, "missing_lines": [], "excluded_lines": [], "start_line": 1}}, "classes": {"": {"executed_lines": [7, 10, 27, 30, 46, 49, 50, 51, 53, 55, 58, 75], "summary": {"covered_lines": 12, "num_statements": 12, "percent_covered": 100.0, "percent_covered_display": "100.00", "missing_lines": 0, "excluded_lines": 0, "percent_statements_covered": 100.0, "percent_statements_covered_display": "100.00"}, "missing_lines": [], "excluded_lines": [], "start_line": 1}}}, "streamlit_ui/components/retry_helpers.py": {"executed_lines": [7, 8, 10, 13, 41, 42, 43, 44, 45, 46, 47, 48, 49, 50, 51, 54, 82, 83], "summary": {"covered_lines": 18, "num_statements": 18, "percent_covered": 100.0, "percent_covered_display": "100.00", "missing_lines": 0, "excluded_lines": 0, "percent_statements_covered": 100.0, "percent_statements_covered_display": "100.00"}, "missing_lines": [], "excluded_lines": [], "functions": {"retry_button": {"executed_lines": [41, 42, 43, 44, 45, 46, 47, 48, 49, 50, 51], "summary": {"covered_lines": 11, "num_statements": 11, "percent_covered": 100.0, "percent_covered_display": "100.00", "missing_lines": 0, "excluded_lines": 0, "percent_statements_covered": 100.0, "percent_statements_covered_display": "100.00"}, "missing_lines": [], "excluded_lines": [], "start_line": 13}, "retry_section": {"executed_lines": [82, 83], "summary": {"covered_lines": 2, "num_statements": 2, "percent_covered": 100.0, "percent_covered_display": "100.00", "missing_lines": 0, "excluded_lines": 0, "percent_statements_covered": 100.0, "percent_statements_covered_display": "100.00"}, "missing_lines": [], "excluded_lines": [], "start_line": 54}, "": {"executed_lines": [7, 8, 10, 13, 54], "summary": {"covered_lines": 5, "num_statements": 5, "percent_covered": 100.0, "percent_covered_display": "100.00", "missing_lines": 0, "excluded_lines": 0, "percent_statements_covered": 100.0, "percent_statements_covered_display": "100.00"}, "missing_lines": [], "excluded_lines": [], "start_line": 1}}, "classes": {"": {"executed_lines": [7, 8, 10, 13, 41, 42, 43, 44, 45, 46, 47, 48, 49, 50, 51, 54, 82, 83], "summary": {"covered_lines": 18, "num_statements": 18, "percent_covered": 100.0, "percent_covered_display": "100.00", "missing_lines": 0, "excluded_lines": 0, "percent_statements_covered": 100.0, "percent_statements_covered_display": "100.00"}, "missing_lines": [], "excluded_lines": [], "start_line": 1}}}, "streamlit_ui/components/safe_render.py": {"executed_lines": [], "summary": {"covered_lines": 0, "num_statements": 132, "percent_covered": 0.0, "percent_covered_display": "0.00", "missing_lines": 132, "excluded_lines": 0, "percent_statements_covered": 0.0, "percent_statements_covered_display": "0.00"}, "missing_lines": [8, 10, 11, 14, 39, 40, 43, 46, 49, 52, 71, 72, 76, 79, 80, 83, 86, 89, 92, 94, 96, 97, 98, 104, 105, 106, 112, 113, 114, 117, 124, 126, 127, 129, 131, 132, 133, 136, 137, 138, 139, 140, 141, 142, 143, 144, 146, 149, 150, 152, 153, 154, 156, 157, 158, 160, 161, 162, 164, 165, 166, 168, 171, 173, 174, 176, 178, 185, 186, 187, 188, 189, 190, 191, 194, 196, 198, 199, 201, 203, 205, 206, 207, 212, 218, 219, 220, 225, 231, 232, 233, 238, 245, 247, 249, 250, 252, 254, 256, 257, 258, 263, 269, 270, 271, 276, 282, 283, 284, 289, 296, 298, 300, 301, 302, 304, 306, 307, 308, 309, 310, 312, 313, 315, 316, 322, 323, 328, 334, 335, 336, 338], "excluded_lines": [], "functions": {"safe_render_scorecard": {"executed_lines": [], "summary": {"covered_lines": 0, "num_statements": 5, "percent_covered": 0.0, "percent_covered_display": "0.00", "missing_lines": 5, "excluded_lines": 0, "percent_statements_covered": 0.0, "percent_statements_covered_display": "0.00"}, "missing_lines": [39, 40, 43, 46, 49], "excluded_lines": [], "start_line": 14}, "safe_render_individual_scorecard": {"executed_lines": [], "summary": {"covered_lines": 0, "num_statements": 8, "percent_covered": 0.0, "percent_covered_display": "0.00", "missing_lines": 8, "excluded_lines": 0, "percent_statements_covered": 0.0, "percent_statements_covered_display": "0.00"}, "missing_lines": [71, 72, 76, 79, 80, 83, 86, 89], "excluded_lines": [], "start_line": 52}, "_render_overall_metrics": {"executed_lines": [], "summary": {"covered_lines": 0, "num_statements": 11, "percent_covered": 0.0, "percent_covered_display": "0.00", "missing_lines": 11, "excluded_lines": 0, "percent_statements_covered": 0.0, "percent_statements_covered_display": "0.00"}, "missing_lines": [94, 96, 97, 98, 104, 105, 106, 112, 113, 114, 117], "excluded_lines": [], "start_line": 92}, "_render_dimension_scores": {"executed_lines": [], "summary": {"covered_lines": 0, "num_statements": 31, "percent_covered": 0.0, "percent_covered_display": "0.00", "missing_lines": 31, "excluded_lines": 0, "percent_statements_covered": 0.0, "percent_statements_covered_display": "0.00"}, "missing_lines": [126, 127, 129, 131, 132, 133, 136, 137, 138, 139, 140, 141, 142, 143, 144, 146, 149, 150, 152, 153, 154, 156, 157, 158, 160, 161, 162, 164, 165, 166, 168], "excluded_lines": [], "start_line": 124}, "_render_cost_breakdown": {"executed_lines": [], "summary": {"covered_lines": 0, "num_statements": 11, "percent_covered": 0.0, "percent_covered_display": "0.00", "missing_lines": 11, "excluded_lines": 0, "percent_statements_covered": 0.0, "percent_statements_covered_display": "0.00"}, "missing_lines": [173, 174, 176, 178, 185, 186, 187, 188, 189, 190, 191], "excluded_lines": [], "start_line": 171}, "_render_team_dynamics": {"executed_lines": [], "summary": {"covered_lines": 0, "num_statements": 17, "percent_covered": 0.0, "percent_covered_display": "0.00", "missing_lines": 17, "excluded_lines": 0, "percent_statements_covered": 0.0, "percent_statements_covered_display": "0.00"}, "missing_lines": [196, 198, 199, 201, 203, 205, 206, 207, 212, 218, 219, 220, 225, 231, 232, 233, 238], "excluded_lines": [], "start_line": 194}, "_render_strategy_analysis": {"executed_lines": [], "summary": {"covered_lines": 0, "num_statements": 17, "percent_covered": 0.0, "percent_covered_display": "0.00", "missing_lines": 17, "excluded_lines": 0, "percent_statements_covered": 0.0, "percent_statements_covered_display": "0.00"}, "missing_lines": [247, 249, 250, 252, 254, 256, 257, 258, 263, 269, 270, 271, 276, 282, 283, 284, 289], "excluded_lines": [], "start_line": 245}, "_render_contributors": {"executed_lines": [], "summary": {"covered_lines": 0, "num_statements": 21, "percent_covered": 0.0, "percent_covered_display": "0.00", "missing_lines": 21, "excluded_lines": 0, "percent_statements_covered": 0.0, "percent_statements_covered_display": "0.00"}, "missing_lines": [298, 300, 301, 302, 304, 306, 307, 308, 309, 310, 312, 313, 315, 316, 322, 323, 328, 334, 335, 336, 338], "excluded_lines": [], "start_line": 296}, "": {"executed_lines": [], "summary": {"covered_lines": 0, "num_statements": 11, "percent_covered": 0.0, "percent_covered_display": "0.00", "missing_lines": 11, "excluded_lines": 0, "percent_statements_covered": 0.0, "percent_statements_covered_display": "0.00"}, "missing_lines": [8, 10, 11, 14, 52, 92, 124, 171, 194, 245, 296], "excluded_lines": [], "start_line": 1}}, "classes": {"": {"executed_lines": [], "summary": {"covered_lines": 0, "num_statements": 132, "percent_covered": 0.0, "percent_covered_display": "0.00", "missing_lines": 132, "excluded_lines": 0, "percent_statements_covered": 0.0, "percent_statements_covered_display": "0.00"}, "missing_lines": [8, 10, 11, 14, 39, 40, 43, 46, 49, 52, 71, 72, 76, 79, 80, 83, 86, 89, 92, 94, 96, 97, 98, 104, 105, 106, 112, 113, 114, 117, 124, 126, 127, 129, 131, 132, 133, 136, 137, 138, 139, 140, 141, 142, 143, 144, 146, 149, 150, 152, 153, 154, 156, 157, 158, 160, 161, 162, 164, 165, 166, 168, 171, 173, 174, 176, 178, 185, 186, 187, 188, 189, 190, 191, 194, 196, 198, 199, 201, 203, 205, 206, 207, 212, 218, 219, 220, 225, 231, 232, 233, 238, 245, 247, 249, 250, 252, 254, 256, 257, 258, 263, 269, 270, 271, 276, 282, 283, 284, 289, 296, 298, 300, 301, 302, 304, 306, 307, 308, 309, 310, 312, 313, 315, 316, 322, 323, 328, 334, 335, 336, 338], "excluded_lines": [], "start_line": 1}}}, "streamlit_ui/components/validators.py": {"executed_lines": [8, 9, 12, 35, 38, 60, 61, 62, 65, 101, 127, 154, 182], "summary": {"covered_lines": 13, "num_statements": 28, "percent_covered": 46.42857142857143, "percent_covered_display": "46.43", "missing_lines": 15, "excluded_lines": 0, "percent_statements_covered": 46.42857142857143, "percent_statements_covered_display": "46.43"}, "missing_lines": [90, 98, 123, 124, 150, 151, 179, 207, 208, 209, 210, 211, 212, 213, 214], "excluded_lines": [], "functions": {"validate_date_range": {"executed_lines": [35], "summary": {"covered_lines": 1, "num_statements": 1, "percent_covered": 100.0, "percent_covered_display": "100.00", "missing_lines": 0, "excluded_lines": 0, "percent_statements_covered": 100.0, "percent_statements_covered_display": "100.00"}, "missing_lines": [], "excluded_lines": [], "start_line": 12}, "validate_budget": {"executed_lines": [60, 61, 62], "summary": {"covered_lines": 3, "num_statements": 3, "percent_covered": 100.0, "percent_covered_display": "100.00", "missing_lines": 0, "excluded_lines": 0, "percent_statements_covered": 100.0, "percent_statements_covered_display": "100.00"}, "missing_lines": [], "excluded_lines": [], "start_line": 38}, "validate_scorecard": {"executed_lines": [], "summary": {"covered_lines": 0, "num_statements": 2, "percent_covered": 0.0, "percent_covered_display": "0.00", "missing_lines": 2, "excluded_lines": 0, "percent_statements_covered": 0.0, "percent_statements_covered_display": "0.00"}, "missing_lines": [90, 98], "excluded_lines": [], "start_line": 65}, "validate_individual_scorecard": {"executed_lines": [], "summary": {"covered_lines": 0, "num_statements": 2, "percent_covered": 0.0, "percent_covered_display": "0.00", "missing_lines": 2, "excluded_lines": 0, "percent_statements_covered": 0.0, "percent_statements_covered_display": "0.00"}, "missing_lines": [123, 124], "excluded_lines": [], "start_line": 101}, "validate_leaderboard": {"executed_lines": [], "summary": {"covered_lines": 0, "num_statements": 2, "percent_covered": 0.0, "percent_covered_display": "0.00", "missing_lines": 2, "excluded_lines": 0, "percent_statements_covered": 0.0, "percent_statements_covered_display": "0.00"}, "missing_lines": [150, 151], "excluded_lines": [], "start_line": 127}, "safe_get": {"executed_lines": [], "summary": {"covered_lines": 0, "num_statements": 1, "percent_covered": 0.0, "percent_covered_display": "0.00", "missing_lines": 1, "excluded_lines": 0, "percent_statements_covered": 0.0, "percent_statements_covered_display": "0.00"}, "missing_lines": [179], "excluded_lines": [], "start_line": 154}, "safe_get_nested": {"executed_lines": [], "summary": {"covered_lines": 0, "num_statements": 8, "percent_covered": 0.0, "percent_covered_display": "0.00", "missing_lines": 8, "excluded_lines": 0, "percent_statements_covered": 0.0, "percent_statements_covered_display": "0.00"}, "missing_lines": [207, 208, 209, 210, 211, 212, 213, 214], "excluded_lines": [], "start_line": 182}, "": {"executed_lines": [8, 9, 12, 38, 65, 101, 127, 154, 182], "summary": {"covered_lines": 9, "num_statements": 9, "percent_covered": 100.0, "percent_covered_display": "100.00", "missing_lines": 0, "excluded_lines": 0, "percent_statements_covered": 100.0, "percent_statements_covered_display": "100.00"}, "missing_lines": [], "excluded_lines": [], "start_line": 1}}, "classes": {"": {"executed_lines": [8, 9, 12, 35, 38, 60, 61, 62, 65, 101, 127, 154, 182], "summary": {"covered_lines": 13, "num_statements": 28, "percent_covered": 46.42857142857143, "percent_covered_display": "46.43", "missing_lines": 15, "excluded_lines": 0, "percent_statements_covered": 46.42857142857143, "percent_statements_covered_display": "46.43"}, "missing_lines": [90, 98, 123, 124, 150, 151, 179, 207, 208, 209, 210, 211, 212, 213, 214], "excluded_lines": [], "start_line": 1}}}, "streamlit_ui/pages/0_\ufffd\ufffd_Register.py": {"executed_lines": [], "summary": {"covered_lines": 0, "num_statements": 87, "percent_covered": 0.0, "percent_covered_display": "0.00", "missing_lines": 87, "excluded_lines": 2, "percent_statements_covered": 0.0, "percent_statements_covered_display": "0.00"}, "missing_lines": [6, 8, 10, 13, 20, 35, 37, 39, 40, 47, 48, 50, 51, 52, 53, 54, 55, 57, 58, 59, 61, 62, 64, 65, 66, 67, 68, 69, 70, 72, 73, 74, 76, 77, 78, 79, 80, 81, 82, 83, 84, 87, 89, 91, 97, 98, 100, 103, 104, 106, 108, 109, 115, 117, 118, 125, 132, 133, 141, 142, 148, 153, 155, 156, 157, 158, 159, 160, 163, 165, 168, 172, 173, 176, 177, 182, 185, 186, 189, 190, 198, 199, 202, 205, 208, 211, 212], "excluded_lines": [215, 216], "functions": {"register_organizer": {"executed_lines": [], "summary": {"covered_lines": 0, "num_statements": 36, "percent_covered": 0.0, "percent_covered_display": "0.00", "missing_lines": 36, "excluded_lines": 0, "percent_statements_covered": 0.0, "percent_statements_covered_display": "0.00"}, "missing_lines": [35, 37, 39, 40, 47, 48, 50, 51, 52, 53, 54, 55, 57, 58, 59, 61, 62, 64, 65, 66, 67, 68, 69, 70, 72, 73, 74, 76, 77, 78, 79, 80, 81, 82, 83, 84], "excluded_lines": [], "start_line": 20}, "main": {"executed_lines": [], "summary": {"covered_lines": 0, "num_statements": 45, "percent_covered": 0.0, "percent_covered_display": "0.00", "missing_lines": 45, "excluded_lines": 0, "percent_statements_covered": 0.0, "percent_statements_covered_display": "0.00"}, "missing_lines": [89, 91, 97, 98, 100, 103, 104, 106, 108, 109, 115, 117, 118, 125, 132, 133, 141, 142, 148, 153, 155, 156, 157, 158, 159, 160, 163, 165, 168, 172, 173, 176, 177, 182, 185, 186, 189, 190, 198, 199, 202, 205, 208, 211, 212], "excluded_lines": [], "start_line": 87}, "": {"executed_lines": [], "summary": {"covered_lines": 0, "num_statements": 6, "percent_covered": 0.0, "percent_covered_display": "0.00", "missing_lines": 6, "excluded_lines": 2, "percent_statements_covered": 0.0, "percent_statements_covered_display": "0.00"}, "missing_lines": [6, 8, 10, 13, 20, 87], "excluded_lines": [215, 216], "start_line": 1}}, "classes": {"": {"executed_lines": [], "summary": {"covered_lines": 0, "num_statements": 87, "percent_covered": 0.0, "percent_covered_display": "0.00", "missing_lines": 87, "excluded_lines": 2, "percent_statements_covered": 0.0, "percent_statements_covered_display": "0.00"}, "missing_lines": [6, 8, 10, 13, 20, 35, 37, 39, 40, 47, 48, 50, 51, 52, 53, 54, 55, 57, 58, 59, 61, 62, 64, 65, 66, 67, 68, 69, 70, 72, 73, 74, 76, 77, 78, 79, 80, 81, 82, 83, 84, 87, 89, 91, 97, 98, 100, 103, 104, 106, 108, 109, 115, 117, 118, 125, 132, 133, 141, 142, 148, 153, 155, 156, 157, 158, 159, 160, 163, 165, 168, 172, 173, 176, 177, 182, 185, 186, 189, 190, 198, 199, 202, 205, 208, 211, 212], "excluded_lines": [215, 216], "start_line": 1}}}, "streamlit_ui/pages/0_\ud83d\udcdd_Register.py": {"executed_lines": [], "summary": {"covered_lines": 0, "num_statements": 93, "percent_covered": 0.0, "percent_covered_display": "0.00", "missing_lines": 93, "excluded_lines": 2, "percent_statements_covered": 0.0, "percent_statements_covered_display": "0.00"}, "missing_lines": [6, 8, 10, 13, 20, 35, 37, 40, 41, 48, 49, 51, 52, 53, 54, 55, 56, 58, 59, 60, 62, 63, 64, 65, 66, 68, 69, 70, 71, 72, 73, 74, 75, 76, 77, 80, 81, 82, 83, 84, 85, 86, 88, 89, 90, 91, 92, 93, 94, 95, 96, 99, 101, 103, 109, 110, 112, 115, 116, 118, 120, 121, 127, 129, 130, 137, 144, 145, 153, 154, 160, 165, 167, 168, 169, 170, 171, 172, 175, 177, 180, 184, 185, 188, 189, 194, 196, 197, 205, 206, 209, 212, 213], "excluded_lines": [216, 217], "functions": {"register_organizer": {"executed_lines": [], "summary": {"covered_lines": 0, "num_statements": 46, "percent_covered": 0.0, "percent_covered_display": "0.00", "missing_lines": 46, "excluded_lines": 0, "percent_statements_covered": 0.0, "percent_statements_covered_display": "0.00"}, "missing_lines": [35, 37, 40, 41, 48, 49, 51, 52, 53, 54, 55, 56, 58, 59, 60, 62, 63, 64, 65, 66, 68, 69, 70, 71, 72, 73, 74, 75, 76, 77, 80, 81, 82, 83, 84, 85, 86, 88, 89, 90, 91, 92, 93, 94, 95, 96], "excluded_lines": [], "start_line": 20}, "main": {"executed_lines": [], "summary": {"covered_lines": 0, "num_statements": 41, "percent_covered": 0.0, "percent_covered_display": "0.00", "missing_lines": 41, "excluded_lines": 0, "percent_statements_covered": 0.0, "percent_statements_covered_display": "0.00"}, "missing_lines": [101, 103, 109, 110, 112, 115, 116, 118, 120, 121, 127, 129, 130, 137, 144, 145, 153, 154, 160, 165, 167, 168, 169, 170, 171, 172, 175, 177, 180, 184, 185, 188, 189, 194, 196, 197, 205, 206, 209, 212, 213], "excluded_lines": [], "start_line": 99}, "": {"executed_lines": [], "summary": {"covered_lines": 0, "num_statements": 6, "percent_covered": 0.0, "percent_covered_display": "0.00", "missing_lines": 6, "excluded_lines": 2, "percent_statements_covered": 0.0, "percent_statements_covered_display": "0.00"}, "missing_lines": [6, 8, 10, 13, 20, 99], "excluded_lines": [216, 217], "start_line": 1}}, "classes": {"": {"executed_lines": [], "summary": {"covered_lines": 0, "num_statements": 93, "percent_covered": 0.0, "percent_covered_display": "0.00", "missing_lines": 93, "excluded_lines": 2, "percent_statements_covered": 0.0, "percent_statements_covered_display": "0.00"}, "missing_lines": [6, 8, 10, 13, 20, 35, 37, 40, 41, 48, 49, 51, 52, 53, 54, 55, 56, 58, 59, 60, 62, 63, 64, 65, 66, 68, 69, 70, 71, 72, 73, 74, 75, 76, 77, 80, 81, 82, 83, 84, 85, 86, 88, 89, 90, 91, 92, 93, 94, 95, 96, 99, 101, 103, 109, 110, 112, 115, 116, 118, 120, 121, 127, 129, 130, 137, 144, 145, 153, 154, 160, 165, 167, 168, 169, 170, 171, 172, 175, 177, 180, 184, 185, 188, 189, 194, 196, 197, 205, 206, 209, 212, 213], "excluded_lines": [216, 217], "start_line": 1}}}, "streamlit_ui/pages/1_\ud83c\udfaf_Create_Hackathon.py": {"executed_lines": [], "summary": {"covered_lines": 0, "num_statements": 128, "percent_covered": 0.0, "percent_covered_display": "0.00", "missing_lines": 128, "excluded_lines": 2, "percent_statements_covered": 0.0, "percent_statements_covered_display": "0.00"}, "missing_lines": [7, 8, 10, 11, 12, 15, 18, 22, 25, 35, 36, 37, 40, 49, 50, 51, 54, 56, 58, 64, 65, 68, 76, 85, 87, 88, 90, 91, 94, 103, 104, 107, 108, 110, 111, 114, 120, 121, 124, 129, 130, 132, 133, 142, 152, 153, 162, 173, 180, 183, 188, 190, 191, 192, 194, 195, 196, 199, 200, 203, 204, 205, 206, 209, 210, 211, 212, 215, 216, 217, 218, 219, 220, 221, 222, 223, 225, 226, 227, 230, 231, 233, 234, 235, 244, 245, 246, 255, 256, 257, 266, 267, 268, 278, 279, 280, 283, 299, 300, 303, 304, 306, 311, 314, 317, 318, 319, 320, 323, 326, 328, 331, 332, 333, 338, 340, 341, 343, 345, 346, 349, 350, 353, 356, 357, 358, 359, 362], "excluded_lines": [365, 366], "functions": {"validate_date_range": {"executed_lines": [], "summary": {"covered_lines": 0, "num_statements": 3, "percent_covered": 0.0, "percent_covered_display": "0.00", "missing_lines": 3, "excluded_lines": 0, "percent_statements_covered": 0.0, "percent_statements_covered_display": "0.00"}, "missing_lines": [35, 36, 37], "excluded_lines": [], "start_line": 25}, "validate_budget": {"executed_lines": [], "summary": {"covered_lines": 0, "num_statements": 3, "percent_covered": 0.0, "percent_covered_display": "0.00", "missing_lines": 3, "excluded_lines": 0, "percent_statements_covered": 0.0, "percent_statements_covered_display": "0.00"}, "missing_lines": [49, 50, 51], "excluded_lines": [], "start_line": 40}, "render_hackathon_form": {"executed_lines": [], "summary": {"covered_lines": 0, "num_statements": 105, "percent_covered": 0.0, "percent_covered_display": "0.00", "missing_lines": 105, "excluded_lines": 0, "percent_statements_covered": 0.0, "percent_statements_covered_display": "0.00"}, "missing_lines": [56, 58, 64, 65, 68, 76, 85, 87, 88, 90, 91, 94, 103, 104, 107, 108, 110, 111, 114, 120, 121, 124, 129, 130, 132, 133, 142, 152, 153, 162, 173, 180, 183, 188, 190, 191, 192, 194, 195, 196, 199, 200, 203, 204, 205, 206, 209, 210, 211, 212, 215, 216, 217, 218, 219, 220, 221, 222, 223, 225, 226, 227, 230, 231, 233, 234, 235, 244, 245, 246, 255, 256, 257, 266, 267, 268, 278, 279, 280, 283, 299, 300, 303, 304, 306, 311, 314, 317, 318, 319, 320, 323, 326, 328, 331, 332, 333, 338, 340, 341, 343, 345, 346, 349, 350], "excluded_lines": [], "start_line": 54}, "main": {"executed_lines": [], "summary": {"covered_lines": 0, "num_statements": 5, "percent_covered": 0.0, "percent_covered_display": "0.00", "missing_lines": 5, "excluded_lines": 0, "percent_statements_covered": 0.0, "percent_statements_covered_display": "0.00"}, "missing_lines": [356, 357, 358, 359, 362], "excluded_lines": [], "start_line": 353}, "": {"executed_lines": [], "summary": {"covered_lines": 0, "num_statements": 12, "percent_covered": 0.0, "percent_covered_display": "0.00", "missing_lines": 12, "excluded_lines": 2, "percent_statements_covered": 0.0, "percent_statements_covered_display": "0.00"}, "missing_lines": [7, 8, 10, 11, 12, 15, 18, 22, 25, 40, 54, 353], "excluded_lines": [365, 366], "start_line": 1}}, "classes": {"": {"executed_lines": [], "summary": {"covered_lines": 0, "num_statements": 128, "percent_covered": 0.0, "percent_covered_display": "0.00", "missing_lines": 128, "excluded_lines": 2, "percent_statements_covered": 0.0, "percent_statements_covered_display": "0.00"}, "missing_lines": [7, 8, 10, 11, 12, 15, 18, 22, 25, 35, 36, 37, 40, 49, 50, 51, 54, 56, 58, 64, 65, 68, 76, 85, 87, 88, 90, 91, 94, 103, 104, 107, 108, 110, 111, 114, 120, 121, 124, 129, 130, 132, 133, 142, 152, 153, 162, 173, 180, 183, 188, 190, 191, 192, 194, 195, 196, 199, 200, 203, 204, 205, 206, 209, 210, 211, 212, 215, 216, 217, 218, 219, 220, 221, 222, 223, 225, 226, 227, 230, 231, 233, 234, 235, 244, 245, 246, 255, 256, 257, 266, 267, 268, 278, 279, 280, 283, 299, 300, 303, 304, 306, 311, 314, 317, 318, 319, 320, 323, 326, 328, 331, 332, 333, 338, 340, 341, 343, 345, 346, 349, 350, 353, 356, 357, 358, 359, 362], "excluded_lines": [365, 366], "start_line": 1}}}, "streamlit_ui/pages/2_\ud83d\udcca_Live_Dashboard.py": {"executed_lines": [9, 10, 12, 13, 14, 15, 16, 18, 22, 28, 32, 33, 40, 47, 51, 52, 55, 56, 60, 61, 70, 71, 72, 74, 76, 85, 86, 96, 97, 98, 106, 107, 110, 116, 123, 124, 132, 136, 140, 141, 144, 145, 148, 150, 152, 153], "summary": {"covered_lines": 46, "num_statements": 206, "percent_covered": 22.33009708737864, "percent_covered_display": "22.33", "missing_lines": 160, "excluded_lines": 0, "percent_statements_covered": 22.33009708737864, "percent_statements_covered_display": "22.33"}, "missing_lines": [36, 41, 42, 43, 75, 77, 78, 79, 80, 81, 99, 100, 101, 102, 117, 118, 119, 159, 160, 166, 167, 173, 174, 181, 182, 183, 185, 186, 188, 190, 194, 195, 199, 200, 206, 207, 208, 209, 210, 211, 212, 213, 217, 220, 221, 224, 225, 226, 229, 231, 232, 235, 237, 238, 243, 244, 245, 248, 249, 251, 253, 254, 256, 258, 259, 263, 264, 265, 267, 268, 270, 272, 273, 274, 276, 277, 282, 283, 286, 288, 289, 290, 293, 294, 296, 298, 299, 301, 303, 305, 306, 310, 312, 314, 315, 317, 319, 320, 322, 323, 324, 327, 328, 329, 331, 333, 334, 339, 340, 341, 342, 343, 344, 345, 348, 349, 352, 354, 355, 361, 362, 370, 371, 377, 378, 380, 387, 388, 390, 393, 394, 395, 398, 401, 402, 403, 404, 407, 408, 411, 412, 413, 414, 415, 416, 418, 421, 422, 423, 424, 426, 428, 429, 430, 433, 434, 437, 438, 440, 441], "excluded_lines": [], "functions": {"fetch_hackathons": {"executed_lines": [70, 71, 72, 74, 76], "summary": {"covered_lines": 5, "num_statements": 11, "percent_covered": 45.45454545454545, "percent_covered_display": "45.45", "missing_lines": 6, "excluded_lines": 0, "percent_statements_covered": 45.45454545454545, "percent_statements_covered_display": "45.45"}, "missing_lines": [75, 77, 78, 79, 80, 81], "excluded_lines": [], "start_line": 61}, "fetch_stats": {"executed_lines": [96, 97, 98], "summary": {"covered_lines": 3, "num_statements": 7, "percent_covered": 42.857142857142854, "percent_covered_display": "42.86", "missing_lines": 4, "excluded_lines": 0, "percent_statements_covered": 42.857142857142854, "percent_statements_covered_display": "42.86"}, "missing_lines": [99, 100, 101, 102], "excluded_lines": [], "start_line": 86}, "fetch_active_job": {"executed_lines": [], "summary": {"covered_lines": 0, "num_statements": 8, "percent_covered": 0.0, "percent_covered_display": "0.00", "missing_lines": 8, "excluded_lines": 0, "percent_statements_covered": 0.0, "percent_statements_covered_display": "0.00"}, "missing_lines": [206, 207, 208, 209, 210, 211, 212, 213], "excluded_lines": [], "start_line": 200}, "": {"executed_lines": [9, 10, 12, 13, 14, 15, 16, 18, 22, 28, 32, 33, 40, 47, 51, 52, 55, 56, 60, 61, 85, 86, 106, 107, 110, 116, 123, 124, 132, 136, 140, 141, 144, 145, 148, 150, 152, 153], "summary": {"covered_lines": 38, "num_statements": 180, "percent_covered": 21.11111111111111, "percent_covered_display": "21.11", "missing_lines": 142, "excluded_lines": 0, "percent_statements_covered": 21.11111111111111, "percent_statements_covered_display": "21.11"}, "missing_lines": [36, 41, 42, 43, 117, 118, 119, 159, 160, 166, 167, 173, 174, 181, 182, 183, 185, 186, 188, 190, 194, 195, 199, 200, 217, 220, 221, 224, 225, 226, 229, 231, 232, 235, 237, 238, 243, 244, 245, 248, 249, 251, 253, 254, 256, 258, 259, 263, 264, 265, 267, 268, 270, 272, 273, 274, 276, 277, 282, 283, 286, 288, 289, 290, 293, 294, 296, 298, 299, 301, 303, 305, 306, 310, 312, 314, 315, 317, 319, 320, 322, 323, 324, 327, 328, 329, 331, 333, 334, 339, 340, 341, 342, 343, 344, 345, 348, 349, 352, 354, 355, 361, 362, 370, 371, 377, 378, 380, 387, 388, 390, 393, 394, 395, 398, 401, 402, 403, 404, 407, 408, 411, 412, 413, 414, 415, 416, 418, 421, 422, 423, 424, 426, 428, 429, 430, 433, 434, 437, 438, 440, 441], "excluded_lines": [], "start_line": 1}}, "classes": {"": {"executed_lines": [9, 10, 12, 13, 14, 15, 16, 18, 22, 28, 32, 33, 40, 47, 51, 52, 55, 56, 60, 61, 70, 71, 72, 74, 76, 85, 86, 96, 97, 98, 106, 107, 110, 116, 123, 124, 132, 136, 140, 141, 144, 145, 148, 150, 152, 153], "summary": {"covered_lines": 46, "num_statements": 206, "percent_covered": 22.33009708737864, "percent_covered_display": "22.33", "missing_lines": 160, "excluded_lines": 0, "percent_statements_covered": 22.33009708737864, "percent_statements_covered_display": "22.33"}, "missing_lines": [36, 41, 42, 43, 75, 77, 78, 79, 80, 81, 99, 100, 101, 102, 117, 118, 119, 159, 160, 166, 167, 173, 174, 181, 182, 183, 185, 186, 188, 190, 194, 195, 199, 200, 206, 207, 208, 209, 210, 211, 212, 213, 217, 220, 221, 224, 225, 226, 229, 231, 232, 235, 237, 238, 243, 244, 245, 248, 249, 251, 253, 254, 256, 258, 259, 263, 264, 265, 267, 268, 270, 272, 273, 274, 276, 277, 282, 283, 286, 288, 289, 290, 293, 294, 296, 298, 299, 301, 303, 305, 306, 310, 312, 314, 315, 317, 319, 320, 322, 323, 324, 327, 328, 329, 331, 333, 334, 339, 340, 341, 342, 343, 344, 345, 348, 349, 352, 354, 355, 361, 362, 370, 371, 377, 378, 380, 387, 388, 390, 393, 394, 395, 398, 401, 402, 403, 404, 407, 408, 411, 412, 413, 414, 415, 416, 418, 421, 422, 423, 424, 426, 428, 429, 430, 433, 434, 437, 438, 440, 441], "excluded_lines": [], "start_line": 1}}}, "streamlit_ui/pages/3_\ud83c\udfc6_Results.py": {"executed_lines": [10, 12, 13, 14, 15, 17, 21, 25, 32, 36, 37, 41, 42, 46, 47, 56, 57, 58, 59, 68, 69, 79, 80, 81, 90, 92, 93, 94, 97, 101, 102, 104, 109, 110, 121, 122, 123, 131, 132, 134, 139, 142, 146, 148, 150, 152, 153, 154, 160, 161, 162, 168, 169, 170, 177, 178, 180, 182, 184, 185, 186, 187, 188, 189, 190, 191, 192, 194, 197, 198, 200, 202, 203, 205, 206, 207, 209, 210, 211, 213, 214, 215, 217, 222, 223, 225, 227, 234, 235, 236, 237, 238, 239, 240, 242, 244, 246, 248, 249, 251, 253, 255, 256, 257, 259, 262, 263, 264, 265, 266, 267, 270, 271, 272, 273, 274, 275, 278, 279, 283, 285, 287, 289, 290, 292, 293, 294, 300, 301, 302, 304, 305, 306, 312, 313, 314, 315, 321, 322, 323, 324, 332, 334, 337, 338, 349, 350, 351, 360, 361, 365, 371, 491, 492, 495, 498, 505, 506, 514, 518, 522, 525, 526, 529, 531, 532, 534, 536, 538, 539, 545, 546, 553, 554, 556, 558, 563, 565, 566, 573, 574, 587, 588, 589, 590, 592, 596, 597, 598, 601, 602, 603, 608, 610, 625, 629, 630, 631, 634, 635, 638, 640, 643, 646, 647, 648, 651, 654, 655, 656, 657, 658, 659, 660, 661, 662, 663, 665, 668, 669, 670, 671, 672, 673, 676, 678, 679, 681, 682, 684, 685, 687, 688, 690, 692, 694, 695, 696, 698, 701, 730, 738, 739], "summary": {"covered_lines": 243, "num_statements": 354, "percent_covered": 68.64406779661017, "percent_covered_display": "68.64", "missing_lines": 111, "excluded_lines": 0, "percent_statements_covered": 68.64406779661017, "percent_statements_covered_display": "68.64"}, "missing_lines": [26, 27, 28, 60, 61, 62, 63, 64, 82, 83, 84, 85, 86, 98, 99, 105, 106, 124, 125, 126, 127, 128, 135, 136, 219, 281, 330, 354, 355, 357, 366, 373, 374, 376, 378, 379, 380, 388, 389, 390, 398, 399, 400, 409, 411, 412, 414, 416, 417, 418, 426, 427, 428, 434, 435, 436, 443, 445, 446, 449, 450, 451, 452, 453, 455, 457, 459, 460, 466, 467, 476, 477, 478, 480, 482, 484, 499, 500, 501, 559, 560, 613, 615, 618, 620, 626, 639, 641, 702, 704, 705, 706, 707, 709, 710, 711, 712, 714, 715, 720, 721, 722, 723, 725, 726, 727, 728, 733, 734, 741, 742], "excluded_lines": [], "functions": {"fetch_hackathons": {"executed_lines": [56, 57, 58, 59], "summary": {"covered_lines": 4, "num_statements": 9, "percent_covered": 44.44444444444444, "percent_covered_display": "44.44", "missing_lines": 5, "excluded_lines": 0, "percent_statements_covered": 44.44444444444444, "percent_statements_covered_display": "44.44"}, "missing_lines": [60, 61, 62, 63, 64], "excluded_lines": [], "start_line": 47}, "fetch_leaderboard": {"executed_lines": [79, 80, 81], "summary": {"covered_lines": 3, "num_statements": 8, "percent_covered": 37.5, "percent_covered_display": "37.50", "missing_lines": 5, "excluded_lines": 0, "percent_statements_covered": 37.5, "percent_statements_covered_display": "37.50"}, "missing_lines": [82, 83, 84, 85, 86], "excluded_lines": [], "start_line": 69}, "fetch_scorecard": {"executed_lines": [121, 122, 123], "summary": {"covered_lines": 3, "num_statements": 8, "percent_covered": 37.5, "percent_covered_display": "37.50", "missing_lines": 5, "excluded_lines": 0, "percent_statements_covered": 37.5, "percent_statements_covered_display": "37.50"}, "missing_lines": [124, 125, 126, 127, 128], "excluded_lines": [], "start_line": 110}, "fetch_individual_scorecards": {"executed_lines": [349, 350, 351], "summary": {"covered_lines": 3, "num_statements": 6, "percent_covered": 50.0, "percent_covered_display": "50.00", "missing_lines": 3, "excluded_lines": 0, "percent_statements_covered": 50.0, "percent_statements_covered_display": "50.00"}, "missing_lines": [354, 355, 357], "excluded_lines": [], "start_line": 338}, "": {"executed_lines": [10, 12, 13, 14, 15, 17, 21, 25, 32, 36, 37, 41, 42, 46, 47, 68, 69, 90, 92, 93, 94, 97, 101, 102, 104, 109, 110, 131, 132, 134, 139, 142, 146, 148, 150, 152, 153, 154, 160, 161, 162, 168, 169, 170, 177, 178, 180, 182, 184, 185, 186, 187, 188, 189, 190, 191, 192, 194, 197, 198, 200, 202, 203, 205, 206, 207, 209, 210, 211, 213, 214, 215, 217, 222, 223, 225, 227, 234, 235, 236, 237, 238, 239, 240, 242, 244, 246, 248, 249, 251, 253, 255, 256, 257, 259, 262, 263, 264, 265, 266, 267, 270, 271, 272, 273, 274, 275, 278, 279, 283, 285, 287, 289, 290, 292, 293, 294, 300, 301, 302, 304, 305, 306, 312, 313, 314, 315, 321, 322, 323, 324, 332, 334, 337, 338, 360, 361, 365, 371, 491, 492, 495, 498, 505, 506, 514, 518, 522, 525, 526, 529, 531, 532, 534, 536, 538, 539, 545, 546, 553, 554, 556, 558, 563, 565, 566, 573, 574, 587, 588, 589, 590, 592, 596, 597, 598, 601, 602, 603, 608, 610, 625, 629, 630, 631, 634, 635, 638, 640, 643, 646, 647, 648, 651, 654, 655, 656, 657, 658, 659, 660, 661, 662, 663, 665, 668, 669, 670, 671, 672, 673, 676, 678, 679, 681, 682, 684, 685, 687, 688, 690, 692, 694, 695, 696, 698, 701, 730, 738, 739], "summary": {"covered_lines": 230, "num_statements": 323, "percent_covered": 71.20743034055728, "percent_covered_display": "71.21", "missing_lines": 93, "excluded_lines": 0, "percent_statements_covered": 71.20743034055728, "percent_statements_covered_display": "71.21"}, "missing_lines": [26, 27, 28, 98, 99, 105, 106, 135, 136, 219, 281, 330, 366, 373, 374, 376, 378, 379, 380, 388, 389, 390, 398, 399, 400, 409, 411, 412, 414, 416, 417, 418, 426, 427, 428, 434, 435, 436, 443, 445, 446, 449, 450, 451, 452, 453, 455, 457, 459, 460, 466, 467, 476, 477, 478, 480, 482, 484, 499, 500, 501, 559, 560, 613, 615, 618, 620, 626, 639, 641, 702, 704, 705, 706, 707, 709, 710, 711, 712, 714, 715, 720, 721, 722, 723, 725, 726, 727, 728, 733, 734, 741, 742], "excluded_lines": [], "start_line": 1}}, "classes": {"": {"executed_lines": [10, 12, 13, 14, 15, 17, 21, 25, 32, 36, 37, 41, 42, 46, 47, 56, 57, 58, 59, 68, 69, 79, 80, 81, 90, 92, 93, 94, 97, 101, 102, 104, 109, 110, 121, 122, 123, 131, 132, 134, 139, 142, 146, 148, 150, 152, 153, 154, 160, 161, 162, 168, 169, 170, 177, 178, 180, 182, 184, 185, 186, 187, 188, 189, 190, 191, 192, 194, 197, 198, 200, 202, 203, 205, 206, 207, 209, 210, 211, 213, 214, 215, 217, 222, 223, 225, 227, 234, 235, 236, 237, 238, 239, 240, 242, 244, 246, 248, 249, 251, 253, 255, 256, 257, 259, 262, 263, 264, 265, 266, 267, 270, 271, 272, 273, 274, 275, 278, 279, 283, 285, 287, 289, 290, 292, 293, 294, 300, 301, 302, 304, 305, 306, 312, 313, 314, 315, 321, 322, 323, 324, 332, 334, 337, 338, 349, 350, 351, 360, 361, 365, 371, 491, 492, 495, 498, 505, 506, 514, 518, 522, 525, 526, 529, 531, 532, 534, 536, 538, 539, 545, 546, 553, 554, 556, 558, 563, 565, 566, 573, 574, 587, 588, 589, 590, 592, 596, 597, 598, 601, 602, 603, 608, 610, 625, 629, 630, 631, 634, 635, 638, 640, 643, 646, 647, 648, 651, 654, 655, 656, 657, 658, 659, 660, 661, 662, 663, 665, 668, 669, 670, 671, 672, 673, 676, 678, 679, 681, 682, 684, 685, 687, 688, 690, 692, 694, 695, 696, 698, 701, 730, 738, 739], "summary": {"covered_lines": 243, "num_statements": 354, "percent_covered": 68.64406779661017, "percent_covered_display": "68.64", "missing_lines": 111, "excluded_lines": 0, "percent_statements_covered": 68.64406779661017, "percent_statements_covered_display": "68.64"}, "missing_lines": [26, 27, 28, 60, 61, 62, 63, 64, 82, 83, 84, 85, 86, 98, 99, 105, 106, 124, 125, 126, 127, 128, 135, 136, 219, 281, 330, 354, 355, 357, 366, 373, 374, 376, 378, 379, 380, 388, 389, 390, 398, 399, 400, 409, 411, 412, 414, 416, 417, 418, 426, 427, 428, 434, 435, 436, 443, 445, 446, 449, 450, 451, 452, 453, 455, 457, 459, 460, 466, 467, 476, 477, 478, 480, 482, 484, 499, 500, 501, 559, 560, 613, 615, 618, 620, 626, 639, 641, 702, 704, 705, 706, 707, 709, 710, 711, 712, 714, 715, 720, 721, 722, 723, 725, 726, 727, 728, 733, 734, 741, 742], "excluded_lines": [], "start_line": 1}}}, "streamlit_ui/pages/4_\ud83d\udca1_Intelligence.py": {"executed_lines": [10, 12, 13, 14, 15, 17, 21, 25, 32, 36, 37, 41, 42, 51, 52, 53, 54, 62, 63, 73, 74, 75, 76, 77, 79, 83, 84, 88, 89, 90, 94, 95, 103, 107, 111, 114, 115, 118, 119, 122, 125, 129, 131, 133, 135, 136, 139, 140, 141, 142, 143, 144, 145, 146, 147, 149, 152, 153, 155, 156, 157, 159, 160, 161, 163, 164, 165, 167, 168, 172, 173, 174, 176, 178, 180, 182, 184, 186, 187, 190, 191, 194, 196, 197, 198, 199, 200, 201, 202, 204, 207, 208, 210, 211, 212, 214, 215, 216, 218, 219, 220, 222, 224, 226, 228, 230, 232, 233, 236, 239, 240, 243, 244, 246, 247, 248, 249, 250, 256, 260, 261], "summary": {"covered_lines": 121, "num_statements": 131, "percent_covered": 92.36641221374046, "percent_covered_display": "92.37", "missing_lines": 10, "excluded_lines": 0, "percent_statements_covered": 92.36641221374046, "percent_statements_covered_display": "92.37"}, "missing_lines": [26, 27, 28, 55, 56, 57, 58, 170, 263, 264], "excluded_lines": [], "functions": {"fetch_hackathons": {"executed_lines": [51, 52, 53, 54], "summary": {"covered_lines": 4, "num_statements": 8, "percent_covered": 50.0, "percent_covered_display": "50.00", "missing_lines": 4, "excluded_lines": 0, "percent_statements_covered": 50.0, "percent_statements_covered_display": "50.00"}, "missing_lines": [55, 56, 57, 58], "excluded_lines": [], "start_line": 42}, "fetch_intelligence": {"executed_lines": [73, 74, 75, 76, 77, 79], "summary": {"covered_lines": 6, "num_statements": 6, "percent_covered": 100.0, "percent_covered_display": "100.00", "missing_lines": 0, "excluded_lines": 0, "percent_statements_covered": 100.0, "percent_statements_covered_display": "100.00"}, "missing_lines": [], "excluded_lines": [], "start_line": 63}, "": {"executed_lines": [10, 12, 13, 14, 15, 17, 21, 25, 32, 36, 37, 41, 42, 62, 63, 83, 84, 88, 89, 90, 94, 95, 103, 107, 111, 114, 115, 118, 119, 122, 125, 129, 131, 133, 135, 136, 139, 140, 141, 142, 143, 144, 145, 146, 147, 149, 152, 153, 155, 156, 157, 159, 160, 161, 163, 164, 165, 167, 168, 172, 173, 174, 176, 178, 180, 182, 184, 186, 187, 190, 191, 194, 196, 197, 198, 199, 200, 201, 202, 204, 207, 208, 210, 211, 212, 214, 215, 216, 218, 219, 220, 222, 224, 226, 228, 230, 232, 233, 236, 239, 240, 243, 244, 246, 247, 248, 249, 250, 256, 260, 261], "summary": {"covered_lines": 111, "num_statements": 117, "percent_covered": 94.87179487179488, "percent_covered_display": "94.87", "missing_lines": 6, "excluded_lines": 0, "percent_statements_covered": 94.87179487179488, "percent_statements_covered_display": "94.87"}, "missing_lines": [26, 27, 28, 170, 263, 264], "excluded_lines": [], "start_line": 1}}, "classes": {"": {"executed_lines": [10, 12, 13, 14, 15, 17, 21, 25, 32, 36, 37, 41, 42, 51, 52, 53, 54, 62, 63, 73, 74, 75, 76, 77, 79, 83, 84, 88, 89, 90, 94, 95, 103, 107, 111, 114, 115, 118, 119, 122, 125, 129, 131, 133, 135, 136, 139, 140, 141, 142, 143, 144, 145, 146, 147, 149, 152, 153, 155, 156, 157, 159, 160, 161, 163, 164, 165, 167, 168, 172, 173, 174, 176, 178, 180, 182, 184, 186, 187, 190, 191, 194, 196, 197, 198, 199, 200, 201, 202, 204, 207, 208, 210, 211, 212, 214, 215, 216, 218, 219, 220, 222, 224, 226, 228, 230, 232, 233, 236, 239, 240, 243, 244, 246, 247, 248, 249, 250, 256, 260, 261], "summary": {"covered_lines": 121, "num_statements": 131, "percent_covered": 92.36641221374046, "percent_covered_display": "92.37", "missing_lines": 10, "excluded_lines": 0, "percent_statements_covered": 92.36641221374046, "percent_statements_covered_display": "92.37"}, "missing_lines": [26, 27, 28, 55, 56, 57, 58, 170, 263, 264], "excluded_lines": [], "start_line": 1}}}, "streamlit_ui/pages/5_Manage_Hackathons.py": {"executed_lines": [], "summary": {"covered_lines": 0, "num_statements": 197, "percent_covered": 0.0, "percent_covered_display": "0.00", "missing_lines": 197, "excluded_lines": 0, "percent_statements_covered": 0.0, "percent_statements_covered_display": "0.00"}, "missing_lines": [11, 12, 14, 15, 16, 18, 21, 24, 25, 26, 27, 30, 33, 34, 37, 40, 43, 44, 47, 48, 49, 50, 52, 55, 57, 58, 59, 60, 67, 68, 70, 71, 73, 74, 75, 77, 80, 81, 84, 85, 86, 87, 88, 89, 90, 91, 92, 94, 96, 97, 98, 99, 100, 101, 102, 103, 105, 107, 110, 111, 112, 113, 115, 116, 117, 118, 119, 124, 125, 126, 127, 130, 133, 134, 135, 136, 138, 139, 140, 141, 142, 143, 145, 149, 150, 152, 153, 154, 156, 157, 158, 159, 160, 161, 162, 166, 167, 169, 170, 171, 174, 177, 179, 180, 186, 187, 195, 196, 197, 200, 201, 203, 204, 207, 210, 211, 212, 213, 214, 215, 216, 217, 218, 219, 221, 224, 225, 226, 227, 228, 229, 232, 233, 234, 235, 236, 238, 240, 241, 243, 245, 252, 253, 255, 256, 258, 259, 261, 263, 265, 266, 267, 268, 269, 271, 272, 273, 274, 275, 276, 277, 278, 279, 280, 281, 283, 284, 285, 286, 288, 291, 292, 293, 295, 296, 300, 302, 303, 304, 305, 306, 307, 308, 309, 310, 311, 312, 313, 314, 316, 317, 318, 319, 322, 323, 324, 325], "excluded_lines": [], "functions": {"fetch_hackathons": {"executed_lines": [], "summary": {"covered_lines": 0, "num_statements": 10, "percent_covered": 0.0, "percent_covered_display": "0.00", "missing_lines": 10, "excluded_lines": 0, "percent_statements_covered": 0.0, "percent_statements_covered_display": "0.00"}, "missing_lines": [152, 153, 154, 156, 157, 158, 159, 160, 161, 162], "excluded_lines": [], "start_line": 150}, "": {"executed_lines": [], "summary": {"covered_lines": 0, "num_statements": 187, "percent_covered": 0.0, "percent_covered_display": "0.00", "missing_lines": 187, "excluded_lines": 0, "percent_statements_covered": 0.0, "percent_statements_covered_display": "0.00"}, "missing_lines": [11, 12, 14, 15, 16, 18, 21, 24, 25, 26, 27, 30, 33, 34, 37, 40, 43, 44, 47, 48, 49, 50, 52, 55, 57, 58, 59, 60, 67, 68, 70, 71, 73, 74, 75, 77, 80, 81, 84, 85, 86, 87, 88, 89, 90, 91, 92, 94, 96, 97, 98, 99, 100, 101, 102, 103, 105, 107, 110, 111, 112, 113, 115, 116, 117, 118, 119, 124, 125, 126, 127, 130, 133, 134, 135, 136, 138, 139, 140, 141, 142, 143, 145, 149, 150, 166, 167, 169, 170, 171, 174, 177, 179, 180, 186, 187, 195, 196, 197, 200, 201, 203, 204, 207, 210, 211, 212, 213, 214, 215, 216, 217, 218, 219, 221, 224, 225, 226, 227, 228, 229, 232, 233, 234, 235, 236, 238, 240, 241, 243, 245, 252, 253, 255, 256, 258, 259, 261, 263, 265, 266, 267, 268, 269, 271, 272, 273, 274, 275, 276, 277, 278, 279, 280, 281, 283, 284, 285, 286, 288, 291, 292, 293, 295, 296, 300, 302, 303, 304, 305, 306, 307, 308, 309, 310, 311, 312, 313, 314, 316, 317, 318, 319, 322, 323, 324, 325], "excluded_lines": [], "start_line": 1}}, "classes": {"": {"executed_lines": [], "summary": {"covered_lines": 0, "num_statements": 197, "percent_covered": 0.0, "percent_covered_display": "0.00", "missing_lines": 197, "excluded_lines": 0, "percent_statements_covered": 0.0, "percent_statements_covered_display": "0.00"}, "missing_lines": [11, 12, 14, 15, 16, 18, 21, 24, 25, 26, 27, 30, 33, 34, 37, 40, 43, 44, 47, 48, 49, 50, 52, 55, 57, 58, 59, 60, 67, 68, 70, 71, 73, 74, 75, 77, 80, 81, 84, 85, 86, 87, 88, 89, 90, 91, 92, 94, 96, 97, 98, 99, 100, 101, 102, 103, 105, 107, 110, 111, 112, 113, 115, 116, 117, 118, 119, 124, 125, 126, 127, 130, 133, 134, 135, 136, 138, 139, 140, 141, 142, 143, 145, 149, 150, 152, 153, 154, 156, 157, 158, 159, 160, 161, 162, 166, 167, 169, 170, 171, 174, 177, 179, 180, 186, 187, 195, 196, 197, 200, 201, 203, 204, 207, 210, 211, 212, 213, 214, 215, 216, 217, 218, 219, 221, 224, 225, 226, 227, 228, 229, 232, 233, 234, 235, 236, 238, 240, 241, 243, 245, 252, 253, 255, 256, 258, 259, 261, 263, 265, 266, 267, 268, 269, 271, 272, 273, 274, 275, 276, 277, 278, 279, 280, 281, 283, 284, 285, 286, 288, 291, 292, 293, 295, 296, 300, 302, 303, 304, 305, 306, 307, 308, 309, 310, 311, 312, 313, 314, 316, 317, 318, 319, 322, 323, 324, 325], "excluded_lines": [], "start_line": 1}}}, "streamlit_ui/pages/6_Submissions.py": {"executed_lines": [], "summary": {"covered_lines": 0, "num_statements": 183, "percent_covered": 0.0, "percent_covered_display": "0.00", "missing_lines": 183, "excluded_lines": 0, "percent_statements_covered": 0.0, "percent_statements_covered_display": "0.00"}, "missing_lines": [11, 12, 14, 15, 16, 18, 21, 24, 25, 26, 27, 30, 33, 34, 38, 39, 41, 42, 43, 45, 46, 47, 48, 49, 50, 51, 55, 56, 59, 60, 61, 62, 63, 64, 65, 66, 70, 71, 74, 76, 77, 78, 79, 82, 83, 89, 92, 93, 95, 96, 98, 99, 105, 106, 112, 118, 120, 121, 122, 125, 127, 128, 129, 141, 142, 143, 144, 145, 148, 149, 152, 153, 155, 156, 157, 160, 162, 163, 169, 170, 177, 178, 190, 191, 192, 195, 196, 199, 200, 203, 204, 207, 208, 210, 211, 214, 217, 218, 219, 220, 221, 222, 223, 224, 225, 226, 227, 228, 230, 233, 234, 235, 236, 237, 238, 239, 242, 243, 244, 245, 246, 249, 251, 253, 254, 256, 257, 258, 260, 262, 264, 270, 271, 273, 274, 275, 277, 279, 280, 282, 283, 284, 285, 287, 290, 291, 292, 294, 295, 299, 301, 302, 303, 304, 305, 306, 307, 308, 309, 310, 311, 313, 314, 315, 316, 319, 320, 322, 324, 325, 327, 328, 329, 331, 332, 333, 335, 336, 337, 340, 341, 342, 343], "excluded_lines": [], "functions": {"fetch_hackathons": {"executed_lines": [], "summary": {"covered_lines": 0, "num_statements": 10, "percent_covered": 0.0, "percent_covered_display": "0.00", "missing_lines": 10, "excluded_lines": 0, "percent_statements_covered": 0.0, "percent_statements_covered_display": "0.00"}, "missing_lines": [41, 42, 43, 45, 46, 47, 48, 49, 50, 51], "excluded_lines": [], "start_line": 39}, "fetch_submissions": {"executed_lines": [], "summary": {"covered_lines": 0, "num_statements": 8, "percent_covered": 0.0, "percent_covered_display": "0.00", "missing_lines": 8, "excluded_lines": 0, "percent_statements_covered": 0.0, "percent_statements_covered_display": "0.00"}, "missing_lines": [59, 60, 61, 62, 63, 64, 65, 66], "excluded_lines": [], "start_line": 56}, "": {"executed_lines": [], "summary": {"covered_lines": 0, "num_statements": 165, "percent_covered": 0.0, "percent_covered_display": "0.00", "missing_lines": 165, "excluded_lines": 0, "percent_statements_covered": 0.0, "percent_statements_covered_display": "0.00"}, "missing_lines": [11, 12, 14, 15, 16, 18, 21, 24, 25, 26, 27, 30, 33, 34, 38, 39, 55, 56, 70, 71, 74, 76, 77, 78, 79, 82, 83, 89, 92, 93, 95, 96, 98, 99, 105, 106, 112, 118, 120, 121, 122, 125, 127, 128, 129, 141, 142, 143, 144, 145, 148, 149, 152, 153, 155, 156, 157, 160, 162, 163, 169, 170, 177, 178, 190, 191, 192, 195, 196, 199, 200, 203, 204, 207, 208, 210, 211, 214, 217, 218, 219, 220, 221, 222, 223, 224, 225, 226, 227, 228, 230, 233, 234, 235, 236, 237, 238, 239, 242, 243, 244, 245, 246, 249, 251, 253, 254, 256, 257, 258, 260, 262, 264, 270, 271, 273, 274, 275, 277, 279, 280, 282, 283, 284, 285, 287, 290, 291, 292, 294, 295, 299, 301, 302, 303, 304, 305, 306, 307, 308, 309, 310, 311, 313, 314, 315, 316, 319, 320, 322, 324, 325, 327, 328, 329, 331, 332, 333, 335, 336, 337, 340, 341, 342, 343], "excluded_lines": [], "start_line": 1}}, "classes": {"": {"executed_lines": [], "summary": {"covered_lines": 0, "num_statements": 183, "percent_covered": 0.0, "percent_covered_display": "0.00", "missing_lines": 183, "excluded_lines": 0, "percent_statements_covered": 0.0, "percent_statements_covered_display": "0.00"}, "missing_lines": [11, 12, 14, 15, 16, 18, 21, 24, 25, 26, 27, 30, 33, 34, 38, 39, 41, 42, 43, 45, 46, 47, 48, 49, 50, 51, 55, 56, 59, 60, 61, 62, 63, 64, 65, 66, 70, 71, 74, 76, 77, 78, 79, 82, 83, 89, 92, 93, 95, 96, 98, 99, 105, 106, 112, 118, 120, 121, 122, 125, 127, 128, 129, 141, 142, 143, 144, 145, 148, 149, 152, 153, 155, 156, 157, 160, 162, 163, 169, 170, 177, 178, 190, 191, 192, 195, 196, 199, 200, 203, 204, 207, 208, 210, 211, 214, 217, 218, 219, 220, 221, 222, 223, 224, 225, 226, 227, 228, 230, 233, 234, 235, 236, 237, 238, 239, 242, 243, 244, 245, 246, 249, 251, 253, 254, 256, 257, 258, 260, 262, 264, 270, 271, 273, 274, 275, 277, 279, 280, 282, 283, 284, 285, 287, 290, 291, 292, 294, 295, 299, 301, 302, 303, 304, 305, 306, 307, 308, 309, 310, 311, 313, 314, 315, 316, 319, 320, 322, 324, 325, 327, 328, 329, 331, 332, 333, 335, 336, 337, 340, 341, 342, 343], "excluded_lines": [], "start_line": 1}}}, "streamlit_ui/pages/7_Submit.py": {"executed_lines": [], "summary": {"covered_lines": 0, "num_statements": 93, "percent_covered": 0.0, "percent_covered_display": "0.00", "missing_lines": 93, "excluded_lines": 0, "percent_statements_covered": 0.0, "percent_statements_covered_display": "0.00"}, "missing_lines": [7, 9, 10, 12, 15, 24, 27, 28, 32, 35, 36, 39, 41, 44, 48, 49, 51, 53, 55, 56, 57, 59, 60, 62, 63, 64, 65, 66, 67, 71, 72, 74, 75, 76, 77, 80, 81, 83, 85, 86, 92, 95, 96, 97, 98, 101, 102, 103, 104, 106, 109, 111, 117, 123, 131, 132, 139, 145, 148, 154, 158, 160, 161, 162, 163, 164, 165, 170, 172, 173, 175, 176, 178, 180, 193, 194, 195, 197, 198, 211, 213, 214, 216, 217, 218, 221, 222, 224, 225, 241, 242, 256, 257], "excluded_lines": [], "functions": {"_validate_github_url": {"executed_lines": [], "summary": {"covered_lines": 0, "num_statements": 3, "percent_covered": 0.0, "percent_covered_display": "0.00", "missing_lines": 3, "excluded_lines": 0, "percent_statements_covered": 0.0, "percent_statements_covered_display": "0.00"}, "missing_lines": [24, 27, 28], "excluded_lines": [], "start_line": 15}, "fetch_public_hackathons": {"executed_lines": [], "summary": {"covered_lines": 0, "num_statements": 13, "percent_covered": 0.0, "percent_covered_display": "0.00", "missing_lines": 13, "excluded_lines": 0, "percent_statements_covered": 0.0, "percent_statements_covered_display": "0.00"}, "missing_lines": [51, 53, 55, 56, 57, 59, 60, 62, 63, 64, 65, 66, 67], "excluded_lines": [], "start_line": 49}, "": {"executed_lines": [], "summary": {"covered_lines": 0, "num_statements": 77, "percent_covered": 0.0, "percent_covered_display": "0.00", "missing_lines": 77, "excluded_lines": 0, "percent_statements_covered": 0.0, "percent_statements_covered_display": "0.00"}, "missing_lines": [7, 9, 10, 12, 15, 32, 35, 36, 39, 41, 44, 48, 49, 71, 72, 74, 75, 76, 77, 80, 81, 83, 85, 86, 92, 95, 96, 97, 98, 101, 102, 103, 104, 106, 109, 111, 117, 123, 131, 132, 139, 145, 148, 154, 158, 160, 161, 162, 163, 164, 165, 170, 172, 173, 175, 176, 178, 180, 193, 194, 195, 197, 198, 211, 213, 214, 216, 217, 218, 221, 222, 224, 225, 241, 242, 256, 257], "excluded_lines": [], "start_line": 1}}, "classes": {"": {"executed_lines": [], "summary": {"covered_lines": 0, "num_statements": 93, "percent_covered": 0.0, "percent_covered_display": "0.00", "missing_lines": 93, "excluded_lines": 0, "percent_statements_covered": 0.0, "percent_statements_covered_display": "0.00"}, "missing_lines": [7, 9, 10, 12, 15, 24, 27, 28, 32, 35, 36, 39, 41, 44, 48, 49, 51, 53, 55, 56, 57, 59, 60, 62, 63, 64, 65, 66, 67, 71, 72, 74, 75, 76, 77, 80, 81, 83, 85, 86, 92, 95, 96, 97, 98, 101, 102, 103, 104, 106, 109, 111, 117, 123, 131, 132, 139, 145, 148, 154, 158, 160, 161, 162, 163, 164, 165, 170, 172, 173, 175, 176, 178, 180, 193, 194, 195, 197, 198, 211, 213, 214, 216, 217, 218, 221, 222, 224, 225, 241, 242, 256, 257], "excluded_lines": [], "start_line": 1}}}, "streamlit_ui/pages/8_\u2699\ufe0f_Settings.py": {"executed_lines": [], "summary": {"covered_lines": 0, "num_statements": 209, "percent_covered": 0.0, "percent_covered_display": "0.00", "missing_lines": 209, "excluded_lines": 2, "percent_statements_covered": 0.0, "percent_statements_covered_display": "0.00"}, "missing_lines": [6, 7, 9, 10, 11, 13, 16, 23, 24, 26, 29, 35, 38, 39, 42, 43, 46, 47, 50, 52, 54, 56, 59, 61, 62, 63, 65, 66, 68, 69, 70, 72, 73, 74, 77, 78, 80, 82, 83, 85, 86, 87, 88, 89, 90, 91, 92, 94, 96, 97, 99, 100, 101, 104, 106, 109, 110, 112, 114, 115, 121, 122, 130, 136, 138, 139, 141, 142, 143, 145, 148, 149, 150, 151, 152, 154, 157, 158, 159, 162, 164, 165, 166, 169, 170, 172, 174, 175, 177, 178, 180, 181, 182, 184, 186, 187, 189, 191, 192, 194, 196, 197, 198, 200, 201, 202, 203, 204, 205, 206, 207, 209, 210, 211, 212, 213, 214, 216, 218, 220, 222, 223, 225, 226, 229, 230, 233, 234, 235, 236, 237, 239, 240, 243, 244, 245, 246, 247, 248, 251, 252, 254, 255, 258, 259, 261, 262, 263, 265, 266, 267, 268, 271, 274, 275, 277, 279, 281, 282, 283, 286, 288, 291, 293, 294, 300, 301, 308, 309, 311, 312, 315, 318, 319, 321, 323, 324, 326, 327, 329, 330, 332, 333, 334, 337, 338, 339, 340, 342, 343, 344, 346, 347, 349, 350, 352, 353, 354, 357, 358, 359, 361, 362, 363, 364, 365, 367, 368, 369], "excluded_lines": [372, 373], "functions": {"main": {"executed_lines": [], "summary": {"covered_lines": 0, "num_statements": 9, "percent_covered": 0.0, "percent_covered_display": "0.00", "missing_lines": 9, "excluded_lines": 0, "percent_statements_covered": 0.0, "percent_statements_covered_display": "0.00"}, "missing_lines": [26, 29, 35, 38, 39, 42, 43, 46, 47], "excluded_lines": [], "start_line": 24}, "render_profile_section": {"executed_lines": [], "summary": {"covered_lines": 0, "num_statements": 34, "percent_covered": 0.0, "percent_covered_display": "0.00", "missing_lines": 34, "excluded_lines": 0, "percent_statements_covered": 0.0, "percent_statements_covered_display": "0.00"}, "missing_lines": [52, 54, 56, 59, 61, 62, 63, 65, 66, 68, 69, 70, 72, 73, 74, 77, 78, 80, 82, 83, 85, 86, 87, 88, 89, 90, 91, 92, 94, 96, 97, 99, 100, 101], "excluded_lines": [], "start_line": 50}, "render_api_keys_section": {"executed_lines": [], "summary": {"covered_lines": 0, "num_statements": 106, "percent_covered": 0.0, "percent_covered_display": "0.00", "missing_lines": 106, "excluded_lines": 0, "percent_statements_covered": 0.0, "percent_statements_covered_display": "0.00"}, "missing_lines": [106, 109, 110, 112, 114, 115, 121, 122, 130, 136, 138, 139, 141, 142, 143, 145, 148, 149, 150, 151, 152, 154, 157, 158, 159, 162, 164, 165, 166, 169, 170, 172, 174, 175, 177, 178, 180, 181, 182, 184, 186, 187, 189, 191, 192, 194, 196, 197, 198, 200, 201, 202, 203, 204, 205, 206, 207, 209, 210, 211, 212, 213, 214, 216, 218, 220, 222, 223, 225, 226, 229, 230, 233, 234, 235, 236, 237, 239, 240, 243, 244, 245, 246, 247, 248, 251, 252, 254, 255, 258, 259, 261, 262, 263, 265, 266, 267, 268, 271, 274, 275, 277, 279, 281, 282, 283], "excluded_lines": [], "start_line": 104}, "render_usage_section": {"executed_lines": [], "summary": {"covered_lines": 0, "num_statements": 48, "percent_covered": 0.0, "percent_covered_display": "0.00", "missing_lines": 48, "excluded_lines": 0, "percent_statements_covered": 0.0, "percent_statements_covered_display": "0.00"}, "missing_lines": [288, 291, 293, 294, 300, 301, 308, 309, 311, 312, 315, 318, 319, 321, 323, 324, 326, 327, 329, 330, 332, 333, 334, 337, 338, 339, 340, 342, 343, 344, 346, 347, 349, 350, 352, 353, 354, 357, 358, 359, 361, 362, 363, 364, 365, 367, 368, 369], "excluded_lines": [], "start_line": 286}, "": {"executed_lines": [], "summary": {"covered_lines": 0, "num_statements": 12, "percent_covered": 0.0, "percent_covered_display": "0.00", "missing_lines": 12, "excluded_lines": 2, "percent_statements_covered": 0.0, "percent_statements_covered_display": "0.00"}, "missing_lines": [6, 7, 9, 10, 11, 13, 16, 23, 24, 50, 104, 286], "excluded_lines": [372, 373], "start_line": 1}}, "classes": {"": {"executed_lines": [], "summary": {"covered_lines": 0, "num_statements": 209, "percent_covered": 0.0, "percent_covered_display": "0.00", "missing_lines": 209, "excluded_lines": 2, "percent_statements_covered": 0.0, "percent_statements_covered_display": "0.00"}, "missing_lines": [6, 7, 9, 10, 11, 13, 16, 23, 24, 26, 29, 35, 38, 39, 42, 43, 46, 47, 50, 52, 54, 56, 59, 61, 62, 63, 65, 66, 68, 69, 70, 72, 73, 74, 77, 78, 80, 82, 83, 85, 86, 87, 88, 89, 90, 91, 92, 94, 96, 97, 99, 100, 101, 104, 106, 109, 110, 112, 114, 115, 121, 122, 130, 136, 138, 139, 141, 142, 143, 145, 148, 149, 150, 151, 152, 154, 157, 158, 159, 162, 164, 165, 166, 169, 170, 172, 174, 175, 177, 178, 180, 181, 182, 184, 186, 187, 189, 191, 192, 194, 196, 197, 198, 200, 201, 202, 203, 204, 205, 206, 207, 209, 210, 211, 212, 213, 214, 216, 218, 220, 222, 223, 225, 226, 229, 230, 233, 234, 235, 236, 237, 239, 240, 243, 244, 245, 246, 247, 248, 251, 252, 254, 255, 258, 259, 261, 262, 263, 265, 266, 267, 268, 271, 274, 275, 277, 279, 281, 282, 283, 286, 288, 291, 293, 294, 300, 301, 308, 309, 311, 312, 315, 318, 319, 321, 323, 324, 326, 327, 329, 330, 332, 333, 334, 337, 338, 339, 340, 342, 343, 344, 346, 347, 349, 350, 352, 353, 354, 357, 358, 359, 361, 362, 363, 364, 365, 367, 368, 369], "excluded_lines": [372, 373], "start_line": 1}}}, "streamlit_ui/pages/__init__.py": {"executed_lines": [], "summary": {"covered_lines": 0, "num_statements": 0, "percent_covered": 100.0, "percent_covered_display": "100.00", "missing_lines": 0, "excluded_lines": 0, "percent_statements_covered": 100.0, "percent_statements_covered_display": "100.00"}, "missing_lines": [], "excluded_lines": [], "functions": {"": {"executed_lines": [], "summary": {"covered_lines": 0, "num_statements": 0, "percent_covered": 100.0, "percent_covered_display": "100.00", "missing_lines": 0, "excluded_lines": 0, "percent_statements_covered": 100.0, "percent_statements_covered_display": "100.00"}, "missing_lines": [], "excluded_lines": [], "start_line": 1}}, "classes": {"": {"executed_lines": [], "summary": {"covered_lines": 0, "num_statements": 0, "percent_covered": 100.0, "percent_covered_display": "100.00", "missing_lines": 0, "excluded_lines": 0, "percent_statements_covered": 100.0, "percent_statements_covered_display": "100.00"}, "missing_lines": [], "excluded_lines": [], "start_line": 1}}}}, "totals": {"covered_lines": 609, "num_statements": 2182, "percent_covered": 27.91017415215399, "percent_covered_display": "27.91", "missing_lines": 1573, "excluded_lines": 10, "percent_statements_covered": 27.91017415215399, "percent_statements_covered_display": "27.91"}}